<?xml version="1.0" encoding="UTF-8"?>
<!-- Generated by org.testng.reporters.JUnitReportReporter -->
<testsuite hostname="DESKTOP-Q1B2PFE" failures="0" tests="1" name="DemoMavenProject.Run.FirstTest" time="2.418" errors="0" timestamp="04 Feb 2019 18:21:08 GMT" skipped="0">
  <testcase classname="DemoMavenProject.Run.FirstTest" name="f" time="2.418"/>
</testsuite> <!-- DemoMavenProject.Run.FirstTest -->
